[0mCompiling "resources/public/js/main.js" from ["src"]...[0m
[32mSuccessfully compiled "resources/public/js/main.js" in 0.345 seconds.[0m
notifying browser that file changed:  resources/public/js/out/goog/deps.js
notifying browser that file changed:  resources/public/js/out/cljs_deps.js
notifying browser that file changed:  resources/public/js/out/quilcljd_sim/core.js
[0mCompiling "resources/public/js/main.js" from ["src"]...[0m
[32mSuccessfully compiled "resources/public/js/main.js" in 0.325 seconds.[0m
notifying browser that file changed:  resources/public/js/out/quilcljd_sim/core.js
[0mCompiling "resources/public/js/main.js" from ["src"]...[0m
[36m----  Compiler Warning on   src/quilcljd_sim/core.cljs   line:5  column:1  ----[0m

  [1mUse of undeclared Var quilcljd-sim.core/print-method[0m

  [36m 1[0m  [36m(ns quilcljd-sim.core[0m
  [36m 2[0m  [36m  (:require [quil.core :as q :include-macros true][0m
  [36m 3[0m  [36m            [quil.middleware :as m]))[0m
  [36m 4[0m  [36m[0m
  [33m 5[0m  [1m(defmethod print-method clojure.lang.PersistentQueue [q, w] ; Overload the print for queues[0m
  [0m  [0m  [33m^--- Use of undeclared Var quilcljd-sim.core/print-method[0m
  [36m 6[0m  [36m  (print-method '<- w)[0m
  [36m 7[0m  [36m  (print-method (seq q) w)[0m
  [36m 8[0m  [36m  (print-method '-< w))[0m
  [36m 9[0m  [36m[0m
  [36m10[0m  [36m(def pqe clojure.lang.PersistentQueue/EMPTY)[0m

[36m----  Compiler Warning : Please see src/quilcljd_sim/core.cljs  ----[0m
[36m----  Compiler Warning on   src/quilcljd_sim/core.cljs   line:6  column:4  ----[0m

  [1mUse of undeclared Var quilcljd-sim.core/print-method[0m

  [36m 2[0m  [36m  (:require [quil.core :as q :include-macros true][0m
  [36m 3[0m  [36m            [quil.middleware :as m]))[0m
  [36m 4[0m  [36m[0m
  [36m 5[0m  [36m(defmethod print-method clojure.lang.PersistentQueue [q, w] ; Overload the print for queues[0m
  [33m 6[0m  [1m  (print-method '<- w)[0m
  [0m  [0m  [33m   ^--- Use of undeclared Var quilcljd-sim.core/print-method[0m
  [36m 7[0m  [36m  (print-method (seq q) w)[0m
  [36m 8[0m  [36m  (print-method '-< w))[0m
  [36m 9[0m  [36m[0m
  [36m10[0m  [36m(def pqe clojure.lang.PersistentQueue/EMPTY)[0m

[36m----  Compiler Warning : Please see src/quilcljd_sim/core.cljs  ----[0m
[36m----  Compiler Warning on   src/quilcljd_sim/core.cljs   line:7  column:4  ----[0m

  [1mUse of undeclared Var quilcljd-sim.core/print-method[0m

  [36m 3[0m  [36m            [quil.middleware :as m]))[0m
  [36m 4[0m  [36m[0m
  [36m 5[0m  [36m(defmethod print-method clojure.lang.PersistentQueue [q, w] ; Overload the print for queues[0m
  [36m 6[0m  [36m  (print-method '<- w)[0m
  [33m 7[0m  [1m  (print-method (seq q) w)[0m
  [0m  [0m  [33m   ^--- Use of undeclared Var quilcljd-sim.core/print-method[0m
  [36m 8[0m  [36m  (print-method '-< w))[0m
  [36m 9[0m  [36m[0m
  [36m10[0m  [36m(def pqe clojure.lang.PersistentQueue/EMPTY)[0m
  [36m11[0m  [36m[0m
  [36m12[0m  [36m(defn setup [][0m

[36m----  Compiler Warning : Please see src/quilcljd_sim/core.cljs  ----[0m
[36m----  Compiler Warning on   src/quilcljd_sim/core.cljs   line:8  column:4  ----[0m

  [1mUse of undeclared Var quilcljd-sim.core/print-method[0m

  [36m 5[0m  [36m(defmethod print-method clojure.lang.PersistentQueue [q, w] ; Overload the print for queues[0m
  [36m 6[0m  [36m  (print-method '<- w)[0m
  [36m 7[0m  [36m  (print-method (seq q) w)[0m
  [33m 8[0m  [1m  (print-method '-< w))[0m
  [0m  [0m  [33m   ^--- Use of undeclared Var quilcljd-sim.core/print-method[0m
  [36m 9[0m  [36m[0m
  [36m10[0m  [36m(def pqe clojure.lang.PersistentQueue/EMPTY)[0m
  [36m11[0m  [36m[0m
  [36m12[0m  [36m(defn setup [][0m
  [36m13[0m  [36m  ; Set frame rate to 30 frames per second.[0m

[36m----  Compiler Warning : Please see src/quilcljd_sim/core.cljs  ----[0m
[36m----  Compiler Warning on   src/quilcljd_sim/core.cljs   line:10  column:10  ----[0m

  [1mNo such namespace: clojure.lang.PersistentQueue, could not locate clojure/lang/PersistentQueue.cljs, clojure/lang/PersistentQueue.cljc, or Closure namespace ""[0m

  [36m 6[0m  [36m  (print-method '<- w)[0m
  [36m 7[0m  [36m  (print-method (seq q) w)[0m
  [36m 8[0m  [36m  (print-method '-< w))[0m
  [36m 9[0m  [36m[0m
  [33m10[0m  [1m(def pqe clojure.lang.PersistentQueue/EMPTY)[0m
  [0m  [0m  [33m         ^--- No such namespace: clojure.lang.PersistentQueue, could not locate clojure/lang/PersistentQueue.cljs, clojure/lang/PersistentQueue.cljc, or Closure namespace ""[0m
  [36m11[0m  [36m[0m
  [36m12[0m  [36m(defn setup [][0m
  [36m13[0m  [36m  ; Set frame rate to 30 frames per second.[0m
  [36m14[0m  [36m  (q/frame-rate 30)[0m
  [36m15[0m  [36m  ; Set color mode to HSB (HSV) instead of default RGB.[0m

[36m----  Compiler Warning : Please see src/quilcljd_sim/core.cljs  ----[0m
[36m----  Compiler Warning on   src/quilcljd_sim/core.cljs   line:10  column:10  ----[0m

  [1mUse of undeclared Var clojure.lang.PersistentQueue/EMPTY[0m

  [36m 6[0m  [36m  (print-method '<- w)[0m
  [36m 7[0m  [36m  (print-method (seq q) w)[0m
  [36m 8[0m  [36m  (print-method '-< w))[0m
  [36m 9[0m  [36m[0m
  [33m10[0m  [1m(def pqe clojure.lang.PersistentQueue/EMPTY)[0m
  [0m  [0m  [33m         ^--- Use of undeclared Var clojure.lang.PersistentQueue/EMPTY[0m
  [36m11[0m  [36m[0m
  [36m12[0m  [36m(defn setup [][0m
  [36m13[0m  [36m  ; Set frame rate to 30 frames per second.[0m
  [36m14[0m  [36m  (q/frame-rate 30)[0m
  [36m15[0m  [36m  ; Set color mode to HSB (HSV) instead of default RGB.[0m

[36m----  Compiler Warning : Please see src/quilcljd_sim/core.cljs  ----[0m
[36m----  Compiler Warning on   src/quilcljd_sim/core.cljs   line:50  column:14  ----[0m

  [1mNo such namespace: clojure.lang.PersistentQueue, could not locate clojure/lang/PersistentQueue.cljs, clojure/lang/PersistentQueue.cljc, or Closure namespace ""[0m

  [36m46[0m  [36m(let [q (conj pqe 1 2 3 4)][0m
  [36m47[0m  [36m  (doall (map #(+ 1 %1) q)))[0m
  [36m48[0m  [36m[0m
  [36m49[0m  [36m(defn pq [s][0m
  [33m50[0m  [1m (apply conj clojure.lang.PersistentQueue/EMPTY s))[0m
  [0m  [0m  [33m             ^--- No such namespace: clojure.lang.PersistentQueue, could not locate clojure/lang/PersistentQueue.cljs, clojure/lang/PersistentQueue.cljc, or Closure namespace ""[0m
  [36m51[0m  [36m[0m
  [36m52[0m  [36m(conj pqe  1 2 3 )[0m
  [36m53[0m  [36m[0m
  [36m54[0m  [36m(def schedule[0m
  [36m55[0m  [36m  (conj clojure.lang.PersistentQueue/EMPTY[0m

[36m----  Compiler Warning : Please see src/quilcljd_sim/core.cljs  ----[0m
[36m----  Compiler Warning on   src/quilcljd_sim/core.cljs   line:50  column:14  ----[0m

  [1mUse of undeclared Var clojure.lang.PersistentQueue/EMPTY[0m

  [36m46[0m  [36m(let [q (conj pqe 1 2 3 4)][0m
  [36m47[0m  [36m  (doall (map #(+ 1 %1) q)))[0m
  [36m48[0m  [36m[0m
  [36m49[0m  [36m(defn pq [s][0m
  [33m50[0m  [1m (apply conj clojure.lang.PersistentQueue/EMPTY s))[0m
  [0m  [0m  [33m             ^--- Use of undeclared Var clojure.lang.PersistentQueue/EMPTY[0m
  [36m51[0m  [36m[0m
  [36m52[0m  [36m(conj pqe  1 2 3 )[0m
  [36m53[0m  [36m[0m
  [36m54[0m  [36m(def schedule[0m
  [36m55[0m  [36m  (conj clojure.lang.PersistentQueue/EMPTY[0m

[36m----  Compiler Warning : Please see src/quilcljd_sim/core.cljs  ----[0m
[36m----  Compiler Warning on   src/quilcljd_sim/core.cljs   line:55  column:9  ----[0m

  [1mNo such namespace: clojure.lang.PersistentQueue, could not locate clojure/lang/PersistentQueue.cljs, clojure/lang/PersistentQueue.cljc, or Closure namespace ""[0m

  [36m52[0m  [36m(conj pqe  1 2 3 )[0m
  [36m53[0m  [36m[0m
  [36m54[0m  [36m(def schedule[0m
  [33m55[0m  [1m  (conj clojure.lang.PersistentQueue/EMPTY[0m
  [0m  [0m  [33m        ^--- No such namespace: clojure.lang.PersistentQueue, could not locate clojure/lang/PersistentQueue.cljs, clojure/lang/PersistentQueue.cljc, or Closure namespace ""[0m
  [36m56[0m  [36m        :wake-up :shower :brush-teeth))[0m
  [36m57[0m  [36m[0m
  [36m58[0m  [36m(def people[0m
  [36m59[0m  [36m  (conj clojure.lang.PersistentQueue/EMPTY[0m
  [36m60[0m  [36m        10 20 10 40 100[0m

[36m----  Compiler Warning : Please see src/quilcljd_sim/core.cljs  ----[0m
[36m----  Compiler Warning on   src/quilcljd_sim/core.cljs   line:55  column:9  ----[0m

  [1mUse of undeclared Var clojure.lang.PersistentQueue/EMPTY[0m

  [36m52[0m  [36m(conj pqe  1 2 3 )[0m
  [36m53[0m  [36m[0m
  [36m54[0m  [36m(def schedule[0m
  [33m55[0m  [1m  (conj clojure.lang.PersistentQueue/EMPTY[0m
  [0m  [0m  [33m        ^--- Use of undeclared Var clojure.lang.PersistentQueue/EMPTY[0m
  [36m56[0m  [36m        :wake-up :shower :brush-teeth))[0m
  [36m57[0m  [36m[0m
  [36m58[0m  [36m(def people[0m
  [36m59[0m  [36m  (conj clojure.lang.PersistentQueue/EMPTY[0m
  [36m60[0m  [36m        10 20 10 40 100[0m

[36m----  Compiler Warning : Please see src/quilcljd_sim/core.cljs  ----[0m
[36m----  Compiler Warning on   src/quilcljd_sim/core.cljs   line:59  column:9  ----[0m

  [1mNo such namespace: clojure.lang.PersistentQueue, could not locate clojure/lang/PersistentQueue.cljs, clojure/lang/PersistentQueue.cljc, or Closure namespace ""[0m

  [36m55[0m  [36m  (conj clojure.lang.PersistentQueue/EMPTY[0m
  [36m56[0m  [36m        :wake-up :shower :brush-teeth))[0m
  [36m57[0m  [36m[0m
  [36m58[0m  [36m(def people[0m
  [33m59[0m  [1m  (conj clojure.lang.PersistentQueue/EMPTY[0m
  [0m  [0m  [33m        ^--- No such namespace: clojure.lang.PersistentQueue, could not locate clojure/lang/PersistentQueue.cljs, clojure/lang/PersistentQueue.cljc, or Closure namespace ""[0m
  [36m60[0m  [36m        10 20 10 40 100[0m
  [36m61[0m  [36m        ))[0m
  [36m62[0m  [36m[0m
  [36m63[0m  [36mpeople[0m

[36m----  Compiler Warning : Please see src/quilcljd_sim/core.cljs  ----[0m
[36m----  Compiler Warning on   src/quilcljd_sim/core.cljs   line:59  column:9  ----[0m

  [1mUse of undeclared Var clojure.lang.PersistentQueue/EMPTY[0m

  [36m55[0m  [36m  (conj clojure.lang.PersistentQueue/EMPTY[0m
  [36m56[0m  [36m        :wake-up :shower :brush-teeth))[0m
  [36m57[0m  [36m[0m
  [36m58[0m  [36m(def people[0m
  [33m59[0m  [1m  (conj clojure.lang.PersistentQueue/EMPTY[0m
  [0m  [0m  [33m        ^--- Use of undeclared Var clojure.lang.PersistentQueue/EMPTY[0m
  [36m60[0m  [36m        10 20 10 40 100[0m
  [36m61[0m  [36m        ))[0m
  [36m62[0m  [36m[0m
  [36m63[0m  [36mpeople[0m

[36m----  Compiler Warning : Please see src/quilcljd_sim/core.cljs  ----[0m
[31mFailed to compile "resources/public/js/main.js" in 0.516 seconds.[0m
[36m----  Could not Read  src/quilcljd_sim/core.cljs   line:74  column:6  ----[0m

  [1mInvalid number format [0th][0m

  [36m72[0m  [36m    zeroth (.indexOf d 0)[0m
  [36m73[0m  [36m    ][0m
  [33m74[0m  [1m0th[0m
  [0m  [0m  [33m   ^--- Invalid number format [0th][0m
  [36m75[0m  [36m)[0m

[36m----  Reader Error : Please see src/quilcljd_sim/core.cljs  ----[0m
[0mCompiling "resources/public/js/main.js" from ["src"]...[0m
[36m----  Compiler Warning on   src/quilcljd_sim/core.cljs   line:5  column:1  ----[0m

  [1mUse of undeclared Var quilcljd-sim.core/print-method[0m

  [36m 1[0m  [36m(ns quilcljd-sim.core[0m
  [36m 2[0m  [36m  (:require [quil.core :as q :include-macros true][0m
  [36m 3[0m  [36m            [quil.middleware :as m]))[0m
  [36m 4[0m  [36m[0m
  [33m 5[0m  [1m(defmethod print-method clojure.lang.PersistentQueue [q, w] ; Overload the print for queues[0m
  [0m  [0m  [33m^--- Use of undeclared Var quilcljd-sim.core/print-method[0m
  [36m 6[0m  [36m  (print-method '<- w)[0m
  [36m 7[0m  [36m  (print-method (seq q) w)[0m
  [36m 8[0m  [36m  (print-method '-< w))[0m
  [36m 9[0m  [36m[0m
  [36m10[0m  [36m(def pqe clojure.lang.PersistentQueue/EMPTY)[0m

[36m----  Compiler Warning : Please see src/quilcljd_sim/core.cljs  ----[0m
[36m----  Compiler Warning on   src/quilcljd_sim/core.cljs   line:6  column:4  ----[0m

  [1mUse of undeclared Var quilcljd-sim.core/print-method[0m

  [36m 2[0m  [36m  (:require [quil.core :as q :include-macros true][0m
  [36m 3[0m  [36m            [quil.middleware :as m]))[0m
  [36m 4[0m  [36m[0m
  [36m 5[0m  [36m(defmethod print-method clojure.lang.PersistentQueue [q, w] ; Overload the print for queues[0m
  [33m 6[0m  [1m  (print-method '<- w)[0m
  [0m  [0m  [33m   ^--- Use of undeclared Var quilcljd-sim.core/print-method[0m
  [36m 7[0m  [36m  (print-method (seq q) w)[0m
  [36m 8[0m  [36m  (print-method '-< w))[0m
  [36m 9[0m  [36m[0m
  [36m10[0m  [36m(def pqe clojure.lang.PersistentQueue/EMPTY)[0m

[36m----  Compiler Warning : Please see src/quilcljd_sim/core.cljs  ----[0m
[36m----  Compiler Warning on   src/quilcljd_sim/core.cljs   line:7  column:4  ----[0m

  [1mUse of undeclared Var quilcljd-sim.core/print-method[0m

  [36m 3[0m  [36m            [quil.middleware :as m]))[0m
  [36m 4[0m  [36m[0m
  [36m 5[0m  [36m(defmethod print-method clojure.lang.PersistentQueue [q, w] ; Overload the print for queues[0m
  [36m 6[0m  [36m  (print-method '<- w)[0m
  [33m 7[0m  [1m  (print-method (seq q) w)[0m
  [0m  [0m  [33m   ^--- Use of undeclared Var quilcljd-sim.core/print-method[0m
  [36m 8[0m  [36m  (print-method '-< w))[0m
  [36m 9[0m  [36m[0m
  [36m10[0m  [36m(def pqe clojure.lang.PersistentQueue/EMPTY)[0m
  [36m11[0m  [36m[0m
  [36m12[0m  [36m(defn setup [][0m

[36m----  Compiler Warning : Please see src/quilcljd_sim/core.cljs  ----[0m
[36m----  Compiler Warning on   src/quilcljd_sim/core.cljs   line:8  column:4  ----[0m

  [1mUse of undeclared Var quilcljd-sim.core/print-method[0m

  [36m 5[0m  [36m(defmethod print-method clojure.lang.PersistentQueue [q, w] ; Overload the print for queues[0m
  [36m 6[0m  [36m  (print-method '<- w)[0m
  [36m 7[0m  [36m  (print-method (seq q) w)[0m
  [33m 8[0m  [1m  (print-method '-< w))[0m
  [0m  [0m  [33m   ^--- Use of undeclared Var quilcljd-sim.core/print-method[0m
  [36m 9[0m  [36m[0m
  [36m10[0m  [36m(def pqe clojure.lang.PersistentQueue/EMPTY)[0m
  [36m11[0m  [36m[0m
  [36m12[0m  [36m(defn setup [][0m
  [36m13[0m  [36m  ; Set frame rate to 30 frames per second.[0m

[36m----  Compiler Warning : Please see src/quilcljd_sim/core.cljs  ----[0m
[36m----  Compiler Warning on   src/quilcljd_sim/core.cljs   line:10  column:10  ----[0m

  [1mNo such namespace: clojure.lang.PersistentQueue, could not locate clojure/lang/PersistentQueue.cljs, clojure/lang/PersistentQueue.cljc, or Closure namespace ""[0m

  [36m 6[0m  [36m  (print-method '<- w)[0m
  [36m 7[0m  [36m  (print-method (seq q) w)[0m
  [36m 8[0m  [36m  (print-method '-< w))[0m
  [36m 9[0m  [36m[0m
  [33m10[0m  [1m(def pqe clojure.lang.PersistentQueue/EMPTY)[0m
  [0m  [0m  [33m         ^--- No such namespace: clojure.lang.PersistentQueue, could not locate clojure/lang/PersistentQueue.cljs, clojure/lang/PersistentQueue.cljc, or Closure namespace ""[0m
  [36m11[0m  [36m[0m
  [36m12[0m  [36m(defn setup [][0m
  [36m13[0m  [36m  ; Set frame rate to 30 frames per second.[0m
  [36m14[0m  [36m  (q/frame-rate 30)[0m
  [36m15[0m  [36m  ; Set color mode to HSB (HSV) instead of default RGB.[0m

[36m----  Compiler Warning : Please see src/quilcljd_sim/core.cljs  ----[0m
[36m----  Compiler Warning on   src/quilcljd_sim/core.cljs   line:10  column:10  ----[0m

  [1mUse of undeclared Var clojure.lang.PersistentQueue/EMPTY[0m

  [36m 6[0m  [36m  (print-method '<- w)[0m
  [36m 7[0m  [36m  (print-method (seq q) w)[0m
  [36m 8[0m  [36m  (print-method '-< w))[0m
  [36m 9[0m  [36m[0m
  [33m10[0m  [1m(def pqe clojure.lang.PersistentQueue/EMPTY)[0m
  [0m  [0m  [33m         ^--- Use of undeclared Var clojure.lang.PersistentQueue/EMPTY[0m
  [36m11[0m  [36m[0m
  [36m12[0m  [36m(defn setup [][0m
  [36m13[0m  [36m  ; Set frame rate to 30 frames per second.[0m
  [36m14[0m  [36m  (q/frame-rate 30)[0m
  [36m15[0m  [36m  ; Set color mode to HSB (HSV) instead of default RGB.[0m

[36m----  Compiler Warning : Please see src/quilcljd_sim/core.cljs  ----[0m
[36m----  Compiler Warning on   src/quilcljd_sim/core.cljs   line:50  column:14  ----[0m

  [1mNo such namespace: clojure.lang.PersistentQueue, could not locate clojure/lang/PersistentQueue.cljs, clojure/lang/PersistentQueue.cljc, or Closure namespace ""[0m

  [36m46[0m  [36m(let [q (conj pqe 1 2 3 4)][0m
  [36m47[0m  [36m  (doall (map #(+ 1 %1) q)))[0m
  [36m48[0m  [36m[0m
  [36m49[0m  [36m(defn pq [s][0m
  [33m50[0m  [1m (apply conj clojure.lang.PersistentQueue/EMPTY s))[0m
  [0m  [0m  [33m             ^--- No such namespace: clojure.lang.PersistentQueue, could not locate clojure/lang/PersistentQueue.cljs, clojure/lang/PersistentQueue.cljc, or Closure namespace ""[0m
  [36m51[0m  [36m[0m
  [36m52[0m  [36m(conj pqe  1 2 3 )[0m
  [36m53[0m  [36m[0m
  [36m54[0m  [36m(def schedule[0m
  [36m55[0m  [36m  (conj clojure.lang.PersistentQueue/EMPTY[0m

[36m----  Compiler Warning : Please see src/quilcljd_sim/core.cljs  ----[0m
[36m----  Compiler Warning on   src/quilcljd_sim/core.cljs   line:50  column:14  ----[0m

  [1mUse of undeclared Var clojure.lang.PersistentQueue/EMPTY[0m

  [36m46[0m  [36m(let [q (conj pqe 1 2 3 4)][0m
  [36m47[0m  [36m  (doall (map #(+ 1 %1) q)))[0m
  [36m48[0m  [36m[0m
  [36m49[0m  [36m(defn pq [s][0m
  [33m50[0m  [1m (apply conj clojure.lang.PersistentQueue/EMPTY s))[0m
  [0m  [0m  [33m             ^--- Use of undeclared Var clojure.lang.PersistentQueue/EMPTY[0m
  [36m51[0m  [36m[0m
  [36m52[0m  [36m(conj pqe  1 2 3 )[0m
  [36m53[0m  [36m[0m
  [36m54[0m  [36m(def schedule[0m
  [36m55[0m  [36m  (conj clojure.lang.PersistentQueue/EMPTY[0m

[36m----  Compiler Warning : Please see src/quilcljd_sim/core.cljs  ----[0m
[36m----  Compiler Warning on   src/quilcljd_sim/core.cljs   line:55  column:9  ----[0m

  [1mNo such namespace: clojure.lang.PersistentQueue, could not locate clojure/lang/PersistentQueue.cljs, clojure/lang/PersistentQueue.cljc, or Closure namespace ""[0m

  [36m52[0m  [36m(conj pqe  1 2 3 )[0m
  [36m53[0m  [36m[0m
  [36m54[0m  [36m(def schedule[0m
  [33m55[0m  [1m  (conj clojure.lang.PersistentQueue/EMPTY[0m
  [0m  [0m  [33m        ^--- No such namespace: clojure.lang.PersistentQueue, could not locate clojure/lang/PersistentQueue.cljs, clojure/lang/PersistentQueue.cljc, or Closure namespace ""[0m
  [36m56[0m  [36m        :wake-up :shower :brush-teeth))[0m
  [36m57[0m  [36m[0m
  [36m58[0m  [36m(def people[0m
  [36m59[0m  [36m  (conj clojure.lang.PersistentQueue/EMPTY[0m
  [36m60[0m  [36m        10 20 10 40 100[0m

[36m----  Compiler Warning : Please see src/quilcljd_sim/core.cljs  ----[0m
[36m----  Compiler Warning on   src/quilcljd_sim/core.cljs   line:55  column:9  ----[0m

  [1mUse of undeclared Var clojure.lang.PersistentQueue/EMPTY[0m

  [36m52[0m  [36m(conj pqe  1 2 3 )[0m
  [36m53[0m  [36m[0m
  [36m54[0m  [36m(def schedule[0m
  [33m55[0m  [1m  (conj clojure.lang.PersistentQueue/EMPTY[0m
  [0m  [0m  [33m        ^--- Use of undeclared Var clojure.lang.PersistentQueue/EMPTY[0m
  [36m56[0m  [36m        :wake-up :shower :brush-teeth))[0m
  [36m57[0m  [36m[0m
  [36m58[0m  [36m(def people[0m
  [36m59[0m  [36m  (conj clojure.lang.PersistentQueue/EMPTY[0m
  [36m60[0m  [36m        10 20 10 40 100[0m

[36m----  Compiler Warning : Please see src/quilcljd_sim/core.cljs  ----[0m
[36m----  Compiler Warning on   src/quilcljd_sim/core.cljs   line:59  column:9  ----[0m

  [1mNo such namespace: clojure.lang.PersistentQueue, could not locate clojure/lang/PersistentQueue.cljs, clojure/lang/PersistentQueue.cljc, or Closure namespace ""[0m

  [36m55[0m  [36m  (conj clojure.lang.PersistentQueue/EMPTY[0m
  [36m56[0m  [36m        :wake-up :shower :brush-teeth))[0m
  [36m57[0m  [36m[0m
  [36m58[0m  [36m(def people[0m
  [33m59[0m  [1m  (conj clojure.lang.PersistentQueue/EMPTY[0m
  [0m  [0m  [33m        ^--- No such namespace: clojure.lang.PersistentQueue, could not locate clojure/lang/PersistentQueue.cljs, clojure/lang/PersistentQueue.cljc, or Closure namespace ""[0m
  [36m60[0m  [36m        10 20 10 40 100[0m
  [36m61[0m  [36m        ))[0m
  [36m62[0m  [36m[0m
  [36m63[0m  [36mpeople[0m

[36m----  Compiler Warning : Please see src/quilcljd_sim/core.cljs  ----[0m
[36m----  Compiler Warning on   src/quilcljd_sim/core.cljs   line:59  column:9  ----[0m

  [1mUse of undeclared Var clojure.lang.PersistentQueue/EMPTY[0m

  [36m55[0m  [36m  (conj clojure.lang.PersistentQueue/EMPTY[0m
  [36m56[0m  [36m        :wake-up :shower :brush-teeth))[0m
  [36m57[0m  [36m[0m
  [36m58[0m  [36m(def people[0m
  [33m59[0m  [1m  (conj clojure.lang.PersistentQueue/EMPTY[0m
  [0m  [0m  [33m        ^--- Use of undeclared Var clojure.lang.PersistentQueue/EMPTY[0m
  [36m60[0m  [36m        10 20 10 40 100[0m
  [36m61[0m  [36m        ))[0m
  [36m62[0m  [36m[0m
  [36m63[0m  [36mpeople[0m

[36m----  Compiler Warning : Please see src/quilcljd_sim/core.cljs  ----[0m
[32mSuccessfully compiled "resources/public/js/main.js" in 0.629 seconds.[0m
notifying browser that file changed:  resources/public/js/out/quilcljd_sim/core.js
[0mCompiling "resources/public/js/main.js" from ["src"]...[0m
[32mSuccessfully compiled "resources/public/js/main.js" in 0.386 seconds.[0m
notifying browser that file changed:  resources/public/js/out/goog/deps.js
notifying browser that file changed:  resources/public/js/out/cljs_deps.js
notifying browser that file changed:  resources/public/js/out/quilcljd_sim/core.js
[0mCompiling "resources/public/js/main.js" from ["src"]...[0m
[32mSuccessfully compiled "resources/public/js/main.js" in 0.395 seconds.[0m
notifying browser that file changed:  resources/public/js/out/goog/deps.js
notifying browser that file changed:  resources/public/js/out/cljs_deps.js
notifying browser that file changed:  resources/public/js/out/quilcljd_sim/core.js
[0mCompiling "resources/public/js/main.js" from ["src"]...[0m
[36m----  Compiler Warning on   src/quilcljd_sim/core.cljs   line:112  column:12  ----[0m

  [1mUse of undeclared Var quilcljd-sim.core/tickid[0m

  [36m108[0m  [36m(q/background 240)[0m
  [36m109[0m  [36m                                      ; Set circle color.[0m
  [36m110[0m  [36m(q/with-translation [40 400][0m
  [36m111[0m  [36m  (draw-desks (:desks state)))[0m
  [33m112[0m  [1m(q/text (tickid state) 40 40 )[0m
  [0m   [0m  [33m         ^--- Use of undeclared Var quilcljd-sim.core/tickid[0m
  [36m113[0m  [36m(draw-queue (:queue state))[0m
  [36m114[0m  [36m;; (let [a 1][0m
  [36m115[0m  [36m;;   (q/fill 210 120 220)[0m
  [36m116[0m  [36m;;   (q/rect 2 20 40 40))[0m
  [36m117[0m  [36m(q/fill (:color state) 255 255))[0m

[36m----  Compiler Warning : Please see src/quilcljd_sim/core.cljs  ----[0m
[32mSuccessfully compiled "resources/public/js/main.js" in 0.359 seconds.[0m
notifying browser that file changed:  resources/public/js/out/quilcljd_sim/core.js
[0mCompiling "resources/public/js/main.js" from ["src"]...[0m
[36m----  Compiler Warning on   src/quilcljd_sim/core.cljs   line:112  column:3  ----[0m

  [1mWrong number of args (1) passed to quil.core/text[0m

  [36m108[0m  [36m(q/background 240)[0m
  [36m109[0m  [36m                                      ; Set circle color.[0m
  [36m110[0m  [36m(q/with-translation [40 400][0m
  [36m111[0m  [36m  (draw-desks (:desks state)))[0m
  [33m112[0m  [1m(q/text (str (:tickid state) 40 40 )) [0m
  [0m   [0m  [33m^--- Wrong number of args (1) passed to quil.core/text[0m
  [36m113[0m  [36m(draw-queue (:queue state))[0m
  [36m114[0m  [36m;; (let [a 1][0m
  [36m115[0m  [36m;;   (q/fill 210 120 220)[0m
  [36m116[0m  [36m;;   (q/rect 2 20 40 40))[0m
  [36m117[0m  [36m(q/fill (:color state) 255 255))[0m

[36m----  Compiler Warning : Please see src/quilcljd_sim/core.cljs  ----[0m
[32mSuccessfully compiled "resources/public/js/main.js" in 0.292 seconds.[0m
notifying browser that file changed:  resources/public/js/out/quilcljd_sim/core.js
[0mCompiling "resources/public/js/main.js" from ["src"]...[0m
[32mSuccessfully compiled "resources/public/js/main.js" in 0.369 seconds.[0m
notifying browser that file changed:  resources/public/js/out/goog/deps.js
notifying browser that file changed:  resources/public/js/out/cljs_deps.js
notifying browser that file changed:  resources/public/js/out/quilcljd_sim/core.js
[0mCompiling "resources/public/js/main.js" from ["src"]...[0m
[32mSuccessfully compiled "resources/public/js/main.js" in 0.398 seconds.[0m
notifying browser that file changed:  resources/public/js/out/quilcljd_sim/core.js
[0mCompiling "resources/public/js/main.js" from ["src"]...[0m
[32mSuccessfully compiled "resources/public/js/main.js" in 0.297 seconds.[0m
notifying browser that file changed:  resources/public/js/out/quilcljd_sim/core.js
[0mCompiling "resources/public/js/main.js" from ["src"]...[0m
[32mSuccessfully compiled "resources/public/js/main.js" in 0.285 seconds.[0m
notifying browser that file changed:  resources/public/js/out/quilcljd_sim/core.js
[0mCompiling "resources/public/js/main.js" from ["src"]...[0m
[32mSuccessfully compiled "resources/public/js/main.js" in 0.274 seconds.[0m
notifying browser that file changed:  resources/public/js/out/quilcljd_sim/core.js
[0mCompiling "resources/public/js/main.js" from ["src"]...[0m
[32mSuccessfully compiled "resources/public/js/main.js" in 0.262 seconds.[0m
notifying browser that file changed:  resources/public/js/out/quilcljd_sim/core.js
[0mCompiling "resources/public/js/main.js" from ["src"]...[0m
[32mSuccessfully compiled "resources/public/js/main.js" in 0.256 seconds.[0m
notifying browser that file changed:  resources/public/js/out/quilcljd_sim/core.js
[0mCompiling "resources/public/js/main.js" from ["src"]...[0m
[32mSuccessfully compiled "resources/public/js/main.js" in 0.293 seconds.[0m
notifying browser that file changed:  resources/public/js/out/goog/deps.js
notifying browser that file changed:  resources/public/js/out/cljs_deps.js
notifying browser that file changed:  resources/public/js/out/quilcljd_sim/core.js
[0mCompiling "resources/public/js/main.js" from ["src"]...[0m
[32mSuccessfully compiled "resources/public/js/main.js" in 0.316 seconds.[0m
notifying browser that file changed:  resources/public/js/out/quilcljd_sim/core.js
[0mCompiling "resources/public/js/main.js" from ["src"]...[0m
[32mSuccessfully compiled "resources/public/js/main.js" in 0.306 seconds.[0m
notifying browser that file changed:  resources/public/js/out/quilcljd_sim/core.js
[0mCompiling "resources/public/js/main.js" from ["src"]...[0m
[32mSuccessfully compiled "resources/public/js/main.js" in 0.257 seconds.[0m
notifying browser that file changed:  resources/public/js/out/quilcljd_sim/core.js
[0mCompiling "resources/public/js/main.js" from ["src"]...[0m
[32mSuccessfully compiled "resources/public/js/main.js" in 0.256 seconds.[0m
notifying browser that file changed:  resources/public/js/out/quilcljd_sim/core.js
[0mCompiling "resources/public/js/main.js" from ["src"]...[0m
[36m----  Compiler Warning on   src/quilcljd_sim/core.cljs   line:71  column:24  ----[0m

  [1mUse of undeclared Var quilcljd-sim.core/round[0m

  [36m67[0m  [36m            (let [space (+ desk-gap desk-width)[0m
  [36m68[0m  [36m                  offset (* i space)[0m
  [36m69[0m  [36m                  ][0m
  [36m70[0m  [36m              (q/fill 20 20 20)[0m
  [33m71[0m  [1m              (q/text (round n) offset 10)[0m
  [0m  [0m  [33m                       ^--- Use of undeclared Var quilcljd-sim.core/round[0m
  [36m72[0m  [36m              (q/fill 55 n 255 )[0m
  [36m73[0m  [36m              (q/rect offset 20 desk-width desk-width)))[0m
  [36m74[0m  [36m          desks)))[0m
  [36m75[0m  [36m[0m
  [36m76[0m  [36m(def person-base-size 0.4)[0m

[36m----  Compiler Warning : Please see src/quilcljd_sim/core.cljs  ----[0m
[32mSuccessfully compiled "resources/public/js/main.js" in 0.296 seconds.[0m
notifying browser that file changed:  resources/public/js/out/quilcljd_sim/core.js
[0mCompiling "resources/public/js/main.js" from ["src"]...[0m
[32mSuccessfully compiled "resources/public/js/main.js" in 0.236 seconds.[0m
notifying browser that file changed:  resources/public/js/out/quilcljd_sim/core.js
[0mCompiling "resources/public/js/main.js" from ["src"]...[0m
[32mSuccessfully compiled "resources/public/js/main.js" in 0.267 seconds.[0m
notifying browser that file changed:  resources/public/js/out/quilcljd_sim/core.js
[0mCompiling "resources/public/js/main.js" from ["src"]...[0m
[32mSuccessfully compiled "resources/public/js/main.js" in 0.272 seconds.[0m
notifying browser that file changed:  resources/public/js/out/quilcljd_sim/core.js
[0mCompiling "resources/public/js/main.js" from ["src"]...[0m
[31mFailed to compile "resources/public/js/main.js" in 0.192 seconds.[0m
[36m----  Could not Read  src/quilcljd_sim/core.cljs   line:67  column:65  ----[0m

  [1mUnmatched delimiter ][0m

  [36m65[0m  [36m            :tickid (inc (:tickid state))[0m
  [36m66[0m  [36m            :queue-complete new-complete[0m
  [33m67[0m  [1m    moved-pax (next-please (:desks ticked) (:queue ticked))][0m
  [0m  [0m  [33m                                                            ^--- Unmatched delimiter ][0m
  [36m68[0m  [36m(println ticked)[0m
  [36m69[0m  [36m(merge ticked moved-pax)))[0m

[36m----  Reader Error : Please see src/quilcljd_sim/core.cljs  ----[0m
[0mCompiling "resources/public/js/main.js" from ["src"]...[0m
[36m----  Compiler Warning on   src/quilcljd_sim/core.cljs   line:58  column:44  ----[0m

  [1mUse of undeclared Var quilcljd-sim.core/ticked[0m

  [36m54[0m  [36m                       (:desks state)))[0m
  [36m55[0m  [36malready-complete? (:queue-complete state)[0m
  [36m56[0m  [36mnew-complete (if already-complete?[0m
  [36m57[0m  [36m               (:queue-complete state)[0m
  [33m58[0m  [1m               (if (empty? (:queue ticked))[0m
  [0m  [0m  [33m                                   ^--- Use of undeclared Var quilcljd-sim.core/ticked[0m
  [36m59[0m  [36m               (:tickid ticked)[0m
  [36m60[0m  [36m               nil))[0m
  [36m61[0m  [36mticked {:color (:color state) ;;(mod (+ (:color state) 0.7) 255)[0m
  [36m62[0m  [36m        :angle (:angle state) ;;(+ (:angle state) 0.1)[0m
  [36m63[0m  [36m        :desks new-desks [0m

[36m----  Compiler Warning : Please see src/quilcljd_sim/core.cljs  ----[0m
[36m----  Compiler Warning on   src/quilcljd_sim/core.cljs   line:59  column:33  ----[0m

  [1mUse of undeclared Var quilcljd-sim.core/ticked[0m

  [36m55[0m  [36malready-complete? (:queue-complete state)[0m
  [36m56[0m  [36mnew-complete (if already-complete?[0m
  [36m57[0m  [36m               (:queue-complete state)[0m
  [36m58[0m  [36m               (if (empty? (:queue ticked))[0m
  [33m59[0m  [1m               (:tickid ticked)[0m
  [0m  [0m  [33m                        ^--- Use of undeclared Var quilcljd-sim.core/ticked[0m
  [36m60[0m  [36m               nil))[0m
  [36m61[0m  [36mticked {:color (:color state) ;;(mod (+ (:color state) 0.7) 255)[0m
  [36m62[0m  [36m        :angle (:angle state) ;;(+ (:angle state) 0.1)[0m
  [36m63[0m  [36m        :desks new-desks [0m
  [36m64[0m  [36m        :queue (:queue state)[0m

[36m----  Compiler Warning : Please see src/quilcljd_sim/core.cljs  ----[0m
[32mSuccessfully compiled "resources/public/js/main.js" in 0.84 seconds.[0m
notifying browser that file changed:  resources/public/js/out/goog/deps.js
notifying browser that file changed:  resources/public/js/out/cljs_deps.js
notifying browser that file changed:  resources/public/js/out/quilcljd_sim/core.js
[0mCompiling "resources/public/js/main.js" from ["src"]...[0m
[36m----  Compiler Warning on   src/quilcljd_sim/core.cljs   line:59  column:33  ----[0m

  [1mUse of undeclared Var quilcljd-sim.core/ticked[0m

  [36m55[0m  [36malready-complete? (:queue-complete state)[0m
  [36m56[0m  [36mnew-complete (if already-complete?[0m
  [36m57[0m  [36m               (:queue-complete state)[0m
  [36m58[0m  [36m               (if (empty? (:queue state))[0m
  [33m59[0m  [1m               (:tickid ticked)[0m
  [0m  [0m  [33m                        ^--- Use of undeclared Var quilcljd-sim.core/ticked[0m
  [36m60[0m  [36m               nil))[0m
  [36m61[0m  [36mticked {:color (:color state) ;;(mod (+ (:color state) 0.7) 255)[0m
  [36m62[0m  [36m        :angle (:angle state) ;;(+ (:angle state) 0.1)[0m
  [36m63[0m  [36m        :desks new-desks [0m
  [36m64[0m  [36m        :queue (:queue state)[0m

[36m----  Compiler Warning : Please see src/quilcljd_sim/core.cljs  ----[0m
[32mSuccessfully compiled "resources/public/js/main.js" in 0.364 seconds.[0m
notifying browser that file changed:  resources/public/js/out/quilcljd_sim/core.js
[0mCompiling "resources/public/js/main.js" from ["src"]...[0m
[32mSuccessfully compiled "resources/public/js/main.js" in 0.287 seconds.[0m
notifying browser that file changed:  resources/public/js/out/quilcljd_sim/core.js
[0mCompiling "resources/public/js/main.js" from ["src"]...[0m
[32mSuccessfully compiled "resources/public/js/main.js" in 0.275 seconds.[0m
notifying browser that file changed:  resources/public/js/out/quilcljd_sim/core.js
[0mCompiling "resources/public/js/main.js" from ["src"]...[0m
[32mSuccessfully compiled "resources/public/js/main.js" in 0.303 seconds.[0m
notifying browser that file changed:  resources/public/js/out/quilcljd_sim/core.js
[0mCompiling "resources/public/js/main.js" from ["src"]...[0m
[32mSuccessfully compiled "resources/public/js/main.js" in 0.253 seconds.[0m
notifying browser that file changed:  resources/public/js/out/quilcljd_sim/core.js
[0mCompiling "resources/public/js/main.js" from ["src"]...[0m
[32mSuccessfully compiled "resources/public/js/main.js" in 0.274 seconds.[0m
notifying browser that file changed:  resources/public/js/out/quilcljd_sim/core.js
[0mCompiling "resources/public/js/main.js" from ["src"]...[0m
[32mSuccessfully compiled "resources/public/js/main.js" in 0.281 seconds.[0m
notifying browser that file changed:  resources/public/js/out/quilcljd_sim/core.js
[0mCompiling "resources/public/js/main.js" from ["src"]...[0m
[32mSuccessfully compiled "resources/public/js/main.js" in 0.282 seconds.[0m
notifying browser that file changed:  resources/public/js/out/quilcljd_sim/core.js
[0mCompiling "resources/public/js/main.js" from ["src"]...[0m
[32mSuccessfully compiled "resources/public/js/main.js" in 0.281 seconds.[0m
notifying browser that file changed:  resources/public/js/out/quilcljd_sim/core.js
[0mCompiling "resources/public/js/main.js" from ["src"]...[0m
[32mSuccessfully compiled "resources/public/js/main.js" in 0.267 seconds.[0m
notifying browser that file changed:  resources/public/js/out/quilcljd_sim/core.js
[0mCompiling "resources/public/js/main.js" from ["src"]...[0m
[32mSuccessfully compiled "resources/public/js/main.js" in 0.322 seconds.[0m
notifying browser that file changed:  resources/public/js/out/quilcljd_sim/core.js
[0mCompiling "resources/public/js/main.js" from ["src"]...[0m
[32mSuccessfully compiled "resources/public/js/main.js" in 0.31 seconds.[0m
notifying browser that file changed:  resources/public/js/out/quilcljd_sim/core.js
[0mCompiling "resources/public/js/main.js" from ["src"]...[0m
[32mSuccessfully compiled "resources/public/js/main.js" in 0.346 seconds.[0m
notifying browser that file changed:  resources/public/js/out/quilcljd_sim/core.js
[0mCompiling "resources/public/js/main.js" from ["src"]...[0m
[32mSuccessfully compiled "resources/public/js/main.js" in 0.293 seconds.[0m
notifying browser that file changed:  resources/public/js/out/quilcljd_sim/core.js
[0mCompiling "resources/public/js/main.js" from ["src"]...[0m
[32mSuccessfully compiled "resources/public/js/main.js" in 0.272 seconds.[0m
notifying browser that file changed:  resources/public/js/out/quilcljd_sim/core.js
[0mCompiling "resources/public/js/main.js" from ["src"]...[0m
[32mSuccessfully compiled "resources/public/js/main.js" in 0.285 seconds.[0m
notifying browser that file changed:  resources/public/js/out/quilcljd_sim/core.js
[0mCompiling "resources/public/js/main.js" from ["src"]...[0m
[31mFailed to compile "resources/public/js/main.js" in 0.184 seconds.[0m
[36m----  Could not Read  src/quilcljd_sim/core.cljs   line:25  column:38  ----[0m

  [1mQueue literal expects a vector for its elements.[0m

  [36m23[0m  [36m{:color 0[0m
  [36m24[0m  [36m :angle 5[0m
  [33m25[0m  [1m :queue #queue (into [] (rand 200));;[40 10 30 100 20 10 90 200 250 10 30 40 70 ][0m
  [0m  [0m  [33m                                   ^--- Queue literal expects a vector for its elements.[0m
  [36m26[0m  [36m :desks [0 0 0][0m
  [36m27[0m  [36m })[0m

[36m----  Reader Error : Please see src/quilcljd_sim/core.cljs  ----[0m
[0mCompiling "resources/public/js/main.js" from ["src"]...[0m
[31mFailed to compile "resources/public/js/main.js" in 0.144 seconds.[0m
[36m----  Could not Read  src/quilcljd_sim/core.cljs   line:25  column:69  ----[0m

  [1mQueue literal expects a vector for its elements.[0m

  [36m23[0m  [36m{:color 0[0m
  [36m24[0m  [36m :angle 5[0m
  [33m25[0m  [1m :queue #queue    (into [] (take 10 (repeatedly #(rand-int 250)))) ;;[40 10 30 100 20 10 90 200 250 10 30 40 70 ][0m
  [0m  [0m  [33m                                                                  ^--- Queue literal expects a vector for its elements.[0m
  [36m26[0m  [36m :desks [0 0 0][0m
  [36m27[0m  [36m })[0m

[36m----  Reader Error : Please see src/quilcljd_sim/core.cljs  ----[0m
[0mCompiling "resources/public/js/main.js" from ["src"]...[0m
[31mFailed to compile "resources/public/js/main.js" in 0.141 seconds.[0m
[36m----  Could not Read  src/quilcljd_sim/core.cljs   line:25  column:66  ----[0m

  [1mQueue literal expects a vector for its elements.[0m

  [36m23[0m  [36m{:color 0[0m
  [36m24[0m  [36m :angle 5[0m
  [33m25[0m  [1m :queue #queue (into [] (take 10 (repeatedly #(rand-int 250)))) ;;[40 10 30 100 20 10 90 200 250 10 30 40 70 ][0m
  [0m  [0m  [33m                                                               ^--- Queue literal expects a vector for its elements.[0m
  [36m26[0m  [36m :desks [0 0 0][0m
  [36m27[0m  [36m })[0m

[36m----  Reader Error : Please see src/quilcljd_sim/core.cljs  ----[0m
[0mCompiling "resources/public/js/main.js" from ["src"]...[0m
[31mFailed to compile "resources/public/js/main.js" in 0.142 seconds.[0m
[36m----  Could not Read  src/quilcljd_sim/core.cljs   line:25  column:65  ----[0m

  [1mQueue literal expects a vector for its elements.[0m

  [36m23[0m  [36m{:color 0[0m
  [36m24[0m  [36m :angle 5[0m
  [33m25[0m  [1m :queue #queue (into [] (take 10 (repeatedly #(rand-int 50)))) ;;[40 10 30 100 20 10 90 200 250 10 30 40 70 ][0m
  [0m  [0m  [33m                                                              ^--- Queue literal expects a vector for its elements.[0m
  [36m26[0m  [36m :desks [0 0 0][0m
  [36m27[0m  [36m })[0m

[36m----  Reader Error : Please see src/quilcljd_sim/core.cljs  ----[0m
[0mCompiling "resources/public/js/main.js" from ["src"]...[0m
[32mSuccessfully compiled "resources/public/js/main.js" in 0.262 seconds.[0m
notifying browser that file changed:  resources/public/js/out/quilcljd_sim/core.js
[0mCompiling "resources/public/js/main.js" from ["src"]...[0m
[32mSuccessfully compiled "resources/public/js/main.js" in 0.231 seconds.[0m
notifying browser that file changed:  resources/public/js/out/quilcljd_sim/core.js
[0mCompiling "resources/public/js/main.js" from ["src"]...[0m
[31mFailed to compile "resources/public/js/main.js" in 0.207 seconds.[0m
[36m----  Could not Read  src/quilcljd_sim/core.cljs   line:25  column:67  ----[0m

  [1mQueue literal expects a vector for its elements.[0m

  [36m23[0m  [36m{:color 0[0m
  [36m24[0m  [36m :angle 5[0m
  [33m25[0m  [1m :queue #queue (into [] (take 500 (repeatedly #(rand-int 250)))) ;;[40 10 30 100 20 10 90 200 250 10 30 40 70 ][0m
  [0m  [0m  [33m                                                                ^--- Queue literal expects a vector for its elements.[0m
  [36m26[0m  [36m :desks [0 0 0][0m
  [36m27[0m  [36m })[0m

[36m----  Reader Error : Please see src/quilcljd_sim/core.cljs  ----[0m
[0mCompiling "resources/public/js/main.js" from ["src"]...[0m
[31mFailed to compile "resources/public/js/main.js" in 0.167 seconds.[0m
[36m----  Could not Read  src/quilcljd_sim/core.cljs   line:25  column:96  ----[0m

  [1mQueue literal expects a vector for its elements.[0m

  [36m23[0m  [36m{:color 0[0m
  [36m24[0m  [36m :angle 5[0m
  [33m25[0m  [1m :queue #queue (into cljs.core.PersistentQueue/EMPTY (take 500 (repeatedly #(rand-int 250)))) ;;[40 10 30 100 20 10 90 200 250 10 30 40 70 ][0m
  [0m  [0m  [33m                                                                                             ^--- Queue literal expects a vector for its elements.[0m
  [36m26[0m  [36m :desks [0 0 0][0m
  [36m27[0m  [36m })[0m

[36m----  Reader Error : Please see src/quilcljd_sim/core.cljs  ----[0m
[0mCompiling "resources/public/js/main.js" from ["src"]...[0m
[36m----  Compiler Warning on   src/quilcljd_sim/core.cljs   line:25  column:17  ----[0m

  [1mNo such namespace: cljs.core.PersistentQueue, could not locate cljs/core/PersistentQueue.cljs, cljs/core/PersistentQueue.cljc, or Closure namespace ""[0m

  [36m21[0m  [36m                                        ; setup function returns initial state. It contains[0m
  [36m22[0m  [36m                                        ; circle color and position.[0m
  [36m23[0m  [36m  {:color 0[0m
  [36m24[0m  [36m   :angle 5[0m
  [33m25[0m  [1m   :queue (into cljs.core.PersistentQueue/EMPTY (take 500 (repeatedly #(rand-int 250)))) ;;[40 10 30 100 20 10 90 200 250 10 30 40 70 ][0m
  [0m  [0m  [33m                ^--- No such namespace: cljs.core.PersistentQueue, could not locate cljs/core/PersistentQueue.cljs, cljs/core/PersistentQueue.cljc, or Closure namespace ""[0m
  [36m26[0m  [36m   :desks [0 0 0][0m
  [36m27[0m  [36m   })[0m
  [36m28[0m  [36m[0m
  [36m29[0m  [36m(def max-person 100)[0m
  [36m30[0m  [36m(def desk-width 40)[0m

[36m----  Compiler Warning : Please see src/quilcljd_sim/core.cljs  ----[0m
[36m----  Compiler Warning on   src/quilcljd_sim/core.cljs   line:25  column:17  ----[0m

  [1mUse of undeclared Var cljs.core.PersistentQueue/EMPTY[0m

  [36m21[0m  [36m                                        ; setup function returns initial state. It contains[0m
  [36m22[0m  [36m                                        ; circle color and position.[0m
  [36m23[0m  [36m  {:color 0[0m
  [36m24[0m  [36m   :angle 5[0m
  [33m25[0m  [1m   :queue (into cljs.core.PersistentQueue/EMPTY (take 500 (repeatedly #(rand-int 250)))) ;;[40 10 30 100 20 10 90 200 250 10 30 40 70 ][0m
  [0m  [0m  [33m                ^--- Use of undeclared Var cljs.core.PersistentQueue/EMPTY[0m
  [36m26[0m  [36m   :desks [0 0 0][0m
  [36m27[0m  [36m   })[0m
  [36m28[0m  [36m[0m
  [36m29[0m  [36m(def max-person 100)[0m
  [36m30[0m  [36m(def desk-width 40)[0m

[36m----  Compiler Warning : Please see src/quilcljd_sim/core.cljs  ----[0m
[32mSuccessfully compiled "resources/public/js/main.js" in 0.271 seconds.[0m
notifying browser that file changed:  resources/public/js/out/quilcljd_sim/core.js
[0mCompiling "resources/public/js/main.js" from ["src"]...[0m
[36m----  Compiler Warning on   src/quilcljd_sim/core.cljs   line:25  column:17  ----[0m

  [1mNo such namespace: cljs.core.PersistentQueue, could not locate cljs/core/PersistentQueue.cljs, cljs/core/PersistentQueue.cljc, or Closure namespace ""[0m

  [36m21[0m  [36m                                        ; setup function returns initial state. It contains[0m
  [36m22[0m  [36m                                        ; circle color and position.[0m
  [36m23[0m  [36m  {:color 0[0m
  [36m24[0m  [36m   :angle 5[0m
  [33m25[0m  [1m   :queue (into cljs.core.PersistentQueue/EMPTY (take 500 (repeatedly #(rand-int 250)))) ;;[40 10 30 100 20 10 90 200 250 10 30 40 70 ][0m
  [0m  [0m  [33m                ^--- No such namespace: cljs.core.PersistentQueue, could not locate cljs/core/PersistentQueue.cljs, cljs/core/PersistentQueue.cljc, or Closure namespace ""[0m
  [36m26[0m  [36m   :desks [0 0 0][0m
  [36m27[0m  [36m   })[0m
  [36m28[0m  [36m[0m
  [36m29[0m  [36m(def max-person 100)[0m
  [36m30[0m  [36m(def desk-width 40)[0m

[36m----  Compiler Warning : Please see src/quilcljd_sim/core.cljs  ----[0m
[36m----  Compiler Warning on   src/quilcljd_sim/core.cljs   line:25  column:17  ----[0m

  [1mUse of undeclared Var cljs.core.PersistentQueue/EMPTY[0m

  [36m21[0m  [36m                                        ; setup function returns initial state. It contains[0m
  [36m22[0m  [36m                                        ; circle color and position.[0m
  [36m23[0m  [36m  {:color 0[0m
  [36m24[0m  [36m   :angle 5[0m
  [33m25[0m  [1m   :queue (into cljs.core.PersistentQueue/EMPTY (take 500 (repeatedly #(rand-int 250)))) ;;[40 10 30 100 20 10 90 200 250 10 30 40 70 ][0m
  [0m  [0m  [33m                ^--- Use of undeclared Var cljs.core.PersistentQueue/EMPTY[0m
  [36m26[0m  [36m   :desks [0 0 0][0m
  [36m27[0m  [36m   })[0m
  [36m28[0m  [36m[0m
  [36m29[0m  [36m(def max-person 100)[0m
  [36m30[0m  [36m(def desk-width 40)[0m

[36m----  Compiler Warning : Please see src/quilcljd_sim/core.cljs  ----[0m
[32mSuccessfully compiled "resources/public/js/main.js" in 0.299 seconds.[0m
notifying browser that file changed:  resources/public/js/out/quilcljd_sim/core.js
[0mCompiling "resources/public/js/main.js" from ["src"]...[0m
[36m----  Compiler Warning on   src/quilcljd_sim/core.cljs   line:25  column:17  ----[0m

  [1mNo such namespace: cljs.core.PersistentQueue, could not locate cljs/core/PersistentQueue.cljs, cljs/core/PersistentQueue.cljc, or Closure namespace ""[0m

  [36m21[0m  [36m                                        ; setup function returns initial state. It contains[0m
  [36m22[0m  [36m                                        ; circle color and position.[0m
  [36m23[0m  [36m  {:color 0[0m
  [36m24[0m  [36m   :angle 5[0m
  [33m25[0m  [1m   :queue (into cljs.core.PersistentQueue/EMPTY (take 500 (repeatedly #(rand-int 250)))) ;;[40 10 30 100 20 10 90 200 250 10 30 40 70 ][0m
  [0m  [0m  [33m                ^--- No such namespace: cljs.core.PersistentQueue, could not locate cljs/core/PersistentQueue.cljs, cljs/core/PersistentQueue.cljc, or Closure namespace ""[0m
  [36m26[0m  [36m   :desks [0 0 0][0m
  [36m27[0m  [36m   })[0m
  [36m28[0m  [36m[0m
  [36m29[0m  [36m(def max-person 100)[0m
  [36m30[0m  [36m(def desk-width 40)[0m

[36m----  Compiler Warning : Please see src/quilcljd_sim/core.cljs  ----[0m
[36m----  Compiler Warning on   src/quilcljd_sim/core.cljs   line:25  column:17  ----[0m

  [1mUse of undeclared Var cljs.core.PersistentQueue/EMPTY[0m

  [36m21[0m  [36m                                        ; setup function returns initial state. It contains[0m
  [36m22[0m  [36m                                        ; circle color and position.[0m
  [36m23[0m  [36m  {:color 0[0m
  [36m24[0m  [36m   :angle 5[0m
  [33m25[0m  [1m   :queue (into cljs.core.PersistentQueue/EMPTY (take 500 (repeatedly #(rand-int 250)))) ;;[40 10 30 100 20 10 90 200 250 10 30 40 70 ][0m
  [0m  [0m  [33m                ^--- Use of undeclared Var cljs.core.PersistentQueue/EMPTY[0m
  [36m26[0m  [36m   :desks [0 0 0][0m
  [36m27[0m  [36m   })[0m
  [36m28[0m  [36m[0m
  [36m29[0m  [36m(def max-person 100)[0m
  [36m30[0m  [36m(def desk-width 40)[0m

[36m----  Compiler Warning : Please see src/quilcljd_sim/core.cljs  ----[0m
[32mSuccessfully compiled "resources/public/js/main.js" in 0.313 seconds.[0m
notifying browser that file changed:  resources/public/js/out/quilcljd_sim/core.js
[0mCompiling "resources/public/js/main.js" from ["src"]...[0m
[36m----  Compiler Warning on   src/quilcljd_sim/core.cljs   line:25  column:17  ----[0m

  [1mNo such namespace: cljs.core.PersistentQueue, could not locate cljs/core/PersistentQueue.cljs, cljs/core/PersistentQueue.cljc, or Closure namespace ""[0m

  [36m21[0m  [36m                                        ; setup function returns initial state. It contains[0m
  [36m22[0m  [36m                                        ; circle color and position.[0m
  [36m23[0m  [36m  {:color 0[0m
  [36m24[0m  [36m   :angle 5[0m
  [33m25[0m  [1m   :queue (into cljs.core.PersistentQueue/EMPTY (take 500 (repeatedly #(rand-int 250)))) ;;[40 10 30 100 20 10 90 200 250 10 30 40 70 ][0m
  [0m  [0m  [33m                ^--- No such namespace: cljs.core.PersistentQueue, could not locate cljs/core/PersistentQueue.cljs, cljs/core/PersistentQueue.cljc, or Closure namespace ""[0m
  [36m26[0m  [36m   :desks [0 0 0 0 0 0 0 0][0m
  [36m27[0m  [36m   })[0m
  [36m28[0m  [36m[0m
  [36m29[0m  [36m(def max-person 100)[0m
  [36m30[0m  [36m(def desk-width 40)[0m

[36m----  Compiler Warning : Please see src/quilcljd_sim/core.cljs  ----[0m
[36m----  Compiler Warning on   src/quilcljd_sim/core.cljs   line:25  column:17  ----[0m

  [1mUse of undeclared Var cljs.core.PersistentQueue/EMPTY[0m

  [36m21[0m  [36m                                        ; setup function returns initial state. It contains[0m
  [36m22[0m  [36m                                        ; circle color and position.[0m
  [36m23[0m  [36m  {:color 0[0m
  [36m24[0m  [36m   :angle 5[0m
  [33m25[0m  [1m   :queue (into cljs.core.PersistentQueue/EMPTY (take 500 (repeatedly #(rand-int 250)))) ;;[40 10 30 100 20 10 90 200 250 10 30 40 70 ][0m
  [0m  [0m  [33m                ^--- Use of undeclared Var cljs.core.PersistentQueue/EMPTY[0m
  [36m26[0m  [36m   :desks [0 0 0 0 0 0 0 0][0m
  [36m27[0m  [36m   })[0m
  [36m28[0m  [36m[0m
  [36m29[0m  [36m(def max-person 100)[0m
  [36m30[0m  [36m(def desk-width 40)[0m

[36m----  Compiler Warning : Please see src/quilcljd_sim/core.cljs  ----[0m
[32mSuccessfully compiled "resources/public/js/main.js" in 0.291 seconds.[0m
notifying browser that file changed:  resources/public/js/out/quilcljd_sim/core.js
[0mCompiling "resources/public/js/main.js" from ["src"]...[0m
[36m----  Compiler Warning on   src/quilcljd_sim/core.cljs   line:25  column:17  ----[0m

  [1mNo such namespace: cljs.core.PersistentQueue, could not locate cljs/core/PersistentQueue.cljs, cljs/core/PersistentQueue.cljc, or Closure namespace ""[0m

  [36m21[0m  [36m                                        ; setup function returns initial state. It contains[0m
  [36m22[0m  [36m                                        ; circle color and position.[0m
  [36m23[0m  [36m  {:color 0[0m
  [36m24[0m  [36m   :angle 5[0m
  [33m25[0m  [1m   :queue (into cljs.core.PersistentQueue/EMPTY (take 500 (repeatedly #(rand-int 250)))) ;;[40 10 30 100 20 10 90 200 250 10 30 40 70 ][0m
  [0m  [0m  [33m                ^--- No such namespace: cljs.core.PersistentQueue, could not locate cljs/core/PersistentQueue.cljs, cljs/core/PersistentQueue.cljc, or Closure namespace ""[0m
  [36m26[0m  [36m   :desks [0 0 0 0 0 0 0 0][0m
  [36m27[0m  [36m   })[0m
  [36m28[0m  [36m[0m
  [36m29[0m  [36m(def max-person 100)[0m
  [36m30[0m  [36m(def desk-width 40)[0m

[36m----  Compiler Warning : Please see src/quilcljd_sim/core.cljs  ----[0m
[36m----  Compiler Warning on   src/quilcljd_sim/core.cljs   line:25  column:17  ----[0m

  [1mUse of undeclared Var cljs.core.PersistentQueue/EMPTY[0m

  [36m21[0m  [36m                                        ; setup function returns initial state. It contains[0m
  [36m22[0m  [36m                                        ; circle color and position.[0m
  [36m23[0m  [36m  {:color 0[0m
  [36m24[0m  [36m   :angle 5[0m
  [33m25[0m  [1m   :queue (into cljs.core.PersistentQueue/EMPTY (take 500 (repeatedly #(rand-int 250)))) ;;[40 10 30 100 20 10 90 200 250 10 30 40 70 ][0m
  [0m  [0m  [33m                ^--- Use of undeclared Var cljs.core.PersistentQueue/EMPTY[0m
  [36m26[0m  [36m   :desks [0 0 0 0 0 0 0 0][0m
  [36m27[0m  [36m   })[0m
  [36m28[0m  [36m[0m
  [36m29[0m  [36m(def max-person 100)[0m
  [36m30[0m  [36m(def desk-width 40)[0m

[36m----  Compiler Warning : Please see src/quilcljd_sim/core.cljs  ----[0m
[32mSuccessfully compiled "resources/public/js/main.js" in 0.314 seconds.[0m
notifying browser that file changed:  resources/public/js/out/quilcljd_sim/core.js
[0mCompiling "resources/public/js/main.js" from ["src"]...[0m
[36m----  Compiler Warning on   src/quilcljd_sim/core.cljs   line:24  column:17  ----[0m

  [1mNo such namespace: cljs.core.PersistentQueue, could not locate cljs/core/PersistentQueue.cljs, cljs/core/PersistentQueue.cljc, or Closure namespace ""[0m

  [36m20[0m  [36m  (q/text-font (q/create-font "Arial" 28 true))[0m
  [36m21[0m  [36m                                        ; setup function returns initial state. It contains[0m
  [36m22[0m  [36m                                        ; circle color and position.[0m
  [36m23[0m  [36m  {[0m
  [33m24[0m  [1m   :queue (into cljs.core.PersistentQueue/EMPTY (take 500 (repeatedly #(rand-int 250)))) ;;[40 10 30 100 20 10 90 200 250 10 30 40 70 ][0m
  [0m  [0m  [33m                ^--- No such namespace: cljs.core.PersistentQueue, could not locate cljs/core/PersistentQueue.cljs, cljs/core/PersistentQueue.cljc, or Closure namespace ""[0m
  [36m25[0m  [36m   :desks [0 0 0 0 0 0 0 0][0m
  [36m26[0m  [36m   })[0m
  [36m27[0m  [36m[0m
  [36m28[0m  [36m(def max-person 100)[0m
  [36m29[0m  [36m(def desk-width 40)[0m

[36m----  Compiler Warning : Please see src/quilcljd_sim/core.cljs  ----[0m
[36m----  Compiler Warning on   src/quilcljd_sim/core.cljs   line:24  column:17  ----[0m

  [1mUse of undeclared Var cljs.core.PersistentQueue/EMPTY[0m

  [36m20[0m  [36m  (q/text-font (q/create-font "Arial" 28 true))[0m
  [36m21[0m  [36m                                        ; setup function returns initial state. It contains[0m
  [36m22[0m  [36m                                        ; circle color and position.[0m
  [36m23[0m  [36m  {[0m
  [33m24[0m  [1m   :queue (into cljs.core.PersistentQueue/EMPTY (take 500 (repeatedly #(rand-int 250)))) ;;[40 10 30 100 20 10 90 200 250 10 30 40 70 ][0m
  [0m  [0m  [33m                ^--- Use of undeclared Var cljs.core.PersistentQueue/EMPTY[0m
  [36m25[0m  [36m   :desks [0 0 0 0 0 0 0 0][0m
  [36m26[0m  [36m   })[0m
  [36m27[0m  [36m[0m
  [36m28[0m  [36m(def max-person 100)[0m
  [36m29[0m  [36m(def desk-width 40)[0m

[36m----  Compiler Warning : Please see src/quilcljd_sim/core.cljs  ----[0m
[32mSuccessfully compiled "resources/public/js/main.js" in 0.314 seconds.[0m
notifying browser that file changed:  resources/public/js/out/quilcljd_sim/core.js
[0mCompiling "resources/public/js/main.js" from ["src"]...[0m
[36m----  Compiler Warning on   src/quilcljd_sim/core.cljs   line:24  column:17  ----[0m

  [1mNo such namespace: cljs.core.PersistentQueue, could not locate cljs/core/PersistentQueue.cljs, cljs/core/PersistentQueue.cljc, or Closure namespace ""[0m

  [36m20[0m  [36m  (q/text-font (q/create-font "Arial" 28 true))[0m
  [36m21[0m  [36m                                        ; setup function returns initial state. It contains[0m
  [36m22[0m  [36m                                        ; circle color and position.[0m
  [36m23[0m  [36m  {[0m
  [33m24[0m  [1m   :queue (into cljs.core.PersistentQueue/EMPTY (take 500 (repeatedly #(rand-int 250)))) ;;[40 10 30 100 20 10 90 200 250 10 30 40 70 ][0m
  [0m  [0m  [33m                ^--- No such namespace: cljs.core.PersistentQueue, could not locate cljs/core/PersistentQueue.cljs, cljs/core/PersistentQueue.cljc, or Closure namespace ""[0m
  [36m25[0m  [36m   :desks [0 0 0 0 0 0 0 0][0m
  [36m26[0m  [36m   })[0m
  [36m27[0m  [36m[0m
  [36m28[0m  [36m(def max-person 100)[0m
  [36m29[0m  [36m(def desk-width 40)[0m

[36m----  Compiler Warning : Please see src/quilcljd_sim/core.cljs  ----[0m
[36m----  Compiler Warning on   src/quilcljd_sim/core.cljs   line:24  column:17  ----[0m

  [1mUse of undeclared Var cljs.core.PersistentQueue/EMPTY[0m

  [36m20[0m  [36m  (q/text-font (q/create-font "Arial" 28 true))[0m
  [36m21[0m  [36m                                        ; setup function returns initial state. It contains[0m
  [36m22[0m  [36m                                        ; circle color and position.[0m
  [36m23[0m  [36m  {[0m
  [33m24[0m  [1m   :queue (into cljs.core.PersistentQueue/EMPTY (take 500 (repeatedly #(rand-int 250)))) ;;[40 10 30 100 20 10 90 200 250 10 30 40 70 ][0m
  [0m  [0m  [33m                ^--- Use of undeclared Var cljs.core.PersistentQueue/EMPTY[0m
  [36m25[0m  [36m   :desks [0 0 0 0 0 0 0 0][0m
  [36m26[0m  [36m   })[0m
  [36m27[0m  [36m[0m
  [36m28[0m  [36m(def max-person 100)[0m
  [36m29[0m  [36m(def desk-width 40)[0m

[36m----  Compiler Warning : Please see src/quilcljd_sim/core.cljs  ----[0m
[32mSuccessfully compiled "resources/public/js/main.js" in 0.305 seconds.[0m
notifying browser that file changed:  resources/public/js/out/quilcljd_sim/core.js
[0mCompiling "resources/public/js/main.js" from ["src"]...[0m
[36m----  Compiler Warning on   src/quilcljd_sim/core.cljs   line:24  column:17  ----[0m

  [1mNo such namespace: cljs.core.PersistentQueue, could not locate cljs/core/PersistentQueue.cljs, cljs/core/PersistentQueue.cljc, or Closure namespace ""[0m

  [36m20[0m  [36m  (q/text-font (q/create-font "Arial" 28 true))[0m
  [36m21[0m  [36m                                        ; setup function returns initial state. It contains[0m
  [36m22[0m  [36m                                        ; circle color and position.[0m
  [36m23[0m  [36m  {[0m
  [33m24[0m  [1m   :queue (into cljs.core.PersistentQueue/EMPTY (take 500 (repeatedly #(rand-int 250)))) ;;[40 10 30 100 20 10 90 200 250 10 30 40 70 ][0m
  [0m  [0m  [33m                ^--- No such namespace: cljs.core.PersistentQueue, could not locate cljs/core/PersistentQueue.cljs, cljs/core/PersistentQueue.cljc, or Closure namespace ""[0m
  [36m25[0m  [36m   :desks [0 0 0 0 0 0 0 0][0m
  [36m26[0m  [36m   })[0m
  [36m27[0m  [36m[0m
  [36m28[0m  [36m(def max-person 100)[0m
  [36m29[0m  [36m(def desk-width 40)[0m

[36m----  Compiler Warning : Please see src/quilcljd_sim/core.cljs  ----[0m
[36m----  Compiler Warning on   src/quilcljd_sim/core.cljs   line:24  column:17  ----[0m

  [1mUse of undeclared Var cljs.core.PersistentQueue/EMPTY[0m

  [36m20[0m  [36m  (q/text-font (q/create-font "Arial" 28 true))[0m
  [36m21[0m  [36m                                        ; setup function returns initial state. It contains[0m
  [36m22[0m  [36m                                        ; circle color and position.[0m
  [36m23[0m  [36m  {[0m
  [33m24[0m  [1m   :queue (into cljs.core.PersistentQueue/EMPTY (take 500 (repeatedly #(rand-int 250)))) ;;[40 10 30 100 20 10 90 200 250 10 30 40 70 ][0m
  [0m  [0m  [33m                ^--- Use of undeclared Var cljs.core.PersistentQueue/EMPTY[0m
  [36m25[0m  [36m   :desks [0 0 0 0 0 0 0 0][0m
  [36m26[0m  [36m   })[0m
  [36m27[0m  [36m[0m
  [36m28[0m  [36m(def max-person 100)[0m
  [36m29[0m  [36m(def desk-width 40)[0m

[36m----  Compiler Warning : Please see src/quilcljd_sim/core.cljs  ----[0m
[32mSuccessfully compiled "resources/public/js/main.js" in 0.335 seconds.[0m
notifying browser that file changed:  resources/public/js/out/quilcljd_sim/core.js
[0mCompiling "resources/public/js/main.js" from ["src"]...[0m
[36m----  Compiler Warning on   src/quilcljd_sim/core.cljs   line:24  column:17  ----[0m

  [1mNo such namespace: cljs.core.PersistentQueue, could not locate cljs/core/PersistentQueue.cljs, cljs/core/PersistentQueue.cljc, or Closure namespace ""[0m

  [36m20[0m  [36m  (q/text-font (q/create-font "Arial" 28 true))[0m
  [36m21[0m  [36m                                        ; setup function returns initial state. It contains[0m
  [36m22[0m  [36m                                        ; circle color and position.[0m
  [36m23[0m  [36m  {[0m
  [33m24[0m  [1m   :queue (into cljs.core.PersistentQueue/EMPTY (take 500 (repeatedly #(rand-int 250)))) ;;[40 10 30 100 20 10 90 200 250 10 30 40 70 ][0m
  [0m  [0m  [33m                ^--- No such namespace: cljs.core.PersistentQueue, could not locate cljs/core/PersistentQueue.cljs, cljs/core/PersistentQueue.cljc, or Closure namespace ""[0m
  [36m25[0m  [36m   :desks (into [] (take 30 (repeatedly 0)))[0m
  [36m26[0m  [36m   })[0m
  [36m27[0m  [36m[0m
  [36m28[0m  [36m(def max-person 100)[0m
  [36m29[0m  [36m(def desk-width 40)[0m

[36m----  Compiler Warning : Please see src/quilcljd_sim/core.cljs  ----[0m
[36m----  Compiler Warning on   src/quilcljd_sim/core.cljs   line:24  column:17  ----[0m

  [1mUse of undeclared Var cljs.core.PersistentQueue/EMPTY[0m

  [36m20[0m  [36m  (q/text-font (q/create-font "Arial" 28 true))[0m
  [36m21[0m  [36m                                        ; setup function returns initial state. It contains[0m
  [36m22[0m  [36m                                        ; circle color and position.[0m
  [36m23[0m  [36m  {[0m
  [33m24[0m  [1m   :queue (into cljs.core.PersistentQueue/EMPTY (take 500 (repeatedly #(rand-int 250)))) ;;[40 10 30 100 20 10 90 200 250 10 30 40 70 ][0m
  [0m  [0m  [33m                ^--- Use of undeclared Var cljs.core.PersistentQueue/EMPTY[0m
  [36m25[0m  [36m   :desks (into [] (take 30 (repeatedly 0)))[0m
  [36m26[0m  [36m   })[0m
  [36m27[0m  [36m[0m
  [36m28[0m  [36m(def max-person 100)[0m
  [36m29[0m  [36m(def desk-width 40)[0m

[36m----  Compiler Warning : Please see src/quilcljd_sim/core.cljs  ----[0m
[32mSuccessfully compiled "resources/public/js/main.js" in 0.317 seconds.[0m
notifying browser that file changed:  resources/public/js/out/quilcljd_sim/core.js
[0mCompiling "resources/public/js/main.js" from ["src"]...[0m
[31mFailed to compile "resources/public/js/main.js" in 0.165 seconds.[0m
[36m----  Could not Read  src/quilcljd_sim/core.cljs   line:26  column:5  ----[0m

  [1mUnmatched delimiter }[0m

  [36m24[0m  [36m   :queue (into cljs.core.PersistentQueue/EMPTY (take 500 (repeatedly #(rand-int 250)))) ;;[40 10 30 100 20 10 90 200 250 10 30 40 70 ][0m
  [36m25[0m  [36m   :desks (into [] (take 30 (repeatedly #(0)))[0m
  [33m26[0m  [1m   })[0m
  [0m  [0m  [33m    ^--- Unmatched delimiter }[0m
  [36m27[0m  [36m[0m
  [36m28[0m  [36m(def max-person 100)[0m
  [36m29[0m  [36m(def desk-width 40)[0m

[36m----  Reader Error : Please see src/quilcljd_sim/core.cljs  ----[0m
[0mCompiling "resources/public/js/main.js" from ["src"]...[0m
[36m----  Compiler Warning on   src/quilcljd_sim/core.cljs   line:24  column:17  ----[0m

  [1mNo such namespace: cljs.core.PersistentQueue, could not locate cljs/core/PersistentQueue.cljs, cljs/core/PersistentQueue.cljc, or Closure namespace ""[0m

  [36m20[0m  [36m  (q/text-font (q/create-font "Arial" 28 true))[0m
  [36m21[0m  [36m                                        ; setup function returns initial state. It contains[0m
  [36m22[0m  [36m                                        ; circle color and position.[0m
  [36m23[0m  [36m  {[0m
  [33m24[0m  [1m   :queue (into cljs.core.PersistentQueue/EMPTY (take 500 (repeatedly #(rand-int 250)))) ;;[40 10 30 100 20 10 90 200 250 10 30 40 70 ][0m
  [0m  [0m  [33m                ^--- No such namespace: cljs.core.PersistentQueue, could not locate cljs/core/PersistentQueue.cljs, cljs/core/PersistentQueue.cljc, or Closure namespace ""[0m
  [36m25[0m  [36m   :desks [0 0 0 0 0 0] [0m
  [36m26[0m  [36m   })[0m
  [36m27[0m  [36m[0m
  [36m28[0m  [36m(def max-person 100)[0m
  [36m29[0m  [36m(def desk-width 40)[0m

[36m----  Compiler Warning : Please see src/quilcljd_sim/core.cljs  ----[0m
[36m----  Compiler Warning on   src/quilcljd_sim/core.cljs   line:24  column:17  ----[0m

  [1mUse of undeclared Var cljs.core.PersistentQueue/EMPTY[0m

  [36m20[0m  [36m  (q/text-font (q/create-font "Arial" 28 true))[0m
  [36m21[0m  [36m                                        ; setup function returns initial state. It contains[0m
  [36m22[0m  [36m                                        ; circle color and position.[0m
  [36m23[0m  [36m  {[0m
  [33m24[0m  [1m   :queue (into cljs.core.PersistentQueue/EMPTY (take 500 (repeatedly #(rand-int 250)))) ;;[40 10 30 100 20 10 90 200 250 10 30 40 70 ][0m
  [0m  [0m  [33m                ^--- Use of undeclared Var cljs.core.PersistentQueue/EMPTY[0m
  [36m25[0m  [36m   :desks [0 0 0 0 0 0] [0m
  [36m26[0m  [36m   })[0m
  [36m27[0m  [36m[0m
  [36m28[0m  [36m(def max-person 100)[0m
  [36m29[0m  [36m(def desk-width 40)[0m

[36m----  Compiler Warning : Please see src/quilcljd_sim/core.cljs  ----[0m
[32mSuccessfully compiled "resources/public/js/main.js" in 0.357 seconds.[0m
notifying browser that file changed:  resources/public/js/out/goog/deps.js
notifying browser that file changed:  resources/public/js/out/cljs_deps.js
notifying browser that file changed:  resources/public/js/out/quilcljd_sim/core.js
[0mCompiling "resources/public/js/main.js" from ["src"]...[0m
[36m----  Compiler Warning on   src/quilcljd_sim/core.cljs   line:24  column:17  ----[0m

  [1mNo such namespace: cljs.core.PersistentQueue, could not locate cljs/core/PersistentQueue.cljs, cljs/core/PersistentQueue.cljc, or Closure namespace ""[0m

  [36m20[0m  [36m  (q/text-font (q/create-font "Arial" 28 true))[0m
  [36m21[0m  [36m                                        ; setup function returns initial state. It contains[0m
  [36m22[0m  [36m                                        ; circle color and position.[0m
  [36m23[0m  [36m  {[0m
  [33m24[0m  [1m   :queue (into cljs.core.PersistentQueue/EMPTY (take 500 (repeatedly #(rand-int 250)))) ;;[40 10 30 100 20 10 90 200 250 10 30 40 70 ][0m
  [0m  [0m  [33m                ^--- No such namespace: cljs.core.PersistentQueue, could not locate cljs/core/PersistentQueue.cljs, cljs/core/PersistentQueue.cljc, or Closure namespace ""[0m
  [36m25[0m  [36m   :desks [0 0 0 0 0 0][0m
  [36m26[0m  [36m   })[0m
  [36m27[0m  [36m[0m
  [36m28[0m  [36m(def max-person 100)[0m
  [36m29[0m  [36m(def desk-width 40)[0m

[36m----  Compiler Warning : Please see src/quilcljd_sim/core.cljs  ----[0m
[36m----  Compiler Warning on   src/quilcljd_sim/core.cljs   line:24  column:17  ----[0m

  [1mUse of undeclared Var cljs.core.PersistentQueue/EMPTY[0m

  [36m20[0m  [36m  (q/text-font (q/create-font "Arial" 28 true))[0m
  [36m21[0m  [36m                                        ; setup function returns initial state. It contains[0m
  [36m22[0m  [36m                                        ; circle color and position.[0m
  [36m23[0m  [36m  {[0m
  [33m24[0m  [1m   :queue (into cljs.core.PersistentQueue/EMPTY (take 500 (repeatedly #(rand-int 250)))) ;;[40 10 30 100 20 10 90 200 250 10 30 40 70 ][0m
  [0m  [0m  [33m                ^--- Use of undeclared Var cljs.core.PersistentQueue/EMPTY[0m
  [36m25[0m  [36m   :desks [0 0 0 0 0 0][0m
  [36m26[0m  [36m   })[0m
  [36m27[0m  [36m[0m
  [36m28[0m  [36m(def max-person 100)[0m
  [36m29[0m  [36m(def desk-width 40)[0m

[36m----  Compiler Warning : Please see src/quilcljd_sim/core.cljs  ----[0m
[32mSuccessfully compiled "resources/public/js/main.js" in 0.319 seconds.[0m
notifying browser that file changed:  resources/public/js/out/quilcljd_sim/core.js
[0mCompiling "resources/public/js/main.js" from ["src"]...[0m
[36m----  Compiler Warning on   src/quilcljd_sim/core.cljs   line:24  column:17  ----[0m

  [1mNo such namespace: cljs.core.PersistentQueue, could not locate cljs/core/PersistentQueue.cljs, cljs/core/PersistentQueue.cljc, or Closure namespace ""[0m

  [36m20[0m  [36m  (q/text-font (q/create-font "Arial" 28 true))[0m
  [36m21[0m  [36m                                        ; setup function returns initial state. It contains[0m
  [36m22[0m  [36m                                        ; circle color and position.[0m
  [36m23[0m  [36m  {[0m
  [33m24[0m  [1m   :queue (into cljs.core.PersistentQueue/EMPTY (take 500 (repeatedly #(rand-int 250)))) ;;[40 10 30 100 20 10 90 200 250 10 30 40 70 ][0m
  [0m  [0m  [33m                ^--- No such namespace: cljs.core.PersistentQueue, could not locate cljs/core/PersistentQueue.cljs, cljs/core/PersistentQueue.cljc, or Closure namespace ""[0m
  [36m25[0m  [36m   :desks [0 0 0 0 0 0][0m
  [36m26[0m  [36m   })[0m
  [36m27[0m  [36m[0m
  [36m28[0m  [36m(def max-person 100)[0m
  [36m29[0m  [36m(def desk-width 40)[0m

[36m----  Compiler Warning : Please see src/quilcljd_sim/core.cljs  ----[0m
[36m----  Compiler Warning on   src/quilcljd_sim/core.cljs   line:24  column:17  ----[0m

  [1mUse of undeclared Var cljs.core.PersistentQueue/EMPTY[0m

  [36m20[0m  [36m  (q/text-font (q/create-font "Arial" 28 true))[0m
  [36m21[0m  [36m                                        ; setup function returns initial state. It contains[0m
  [36m22[0m  [36m                                        ; circle color and position.[0m
  [36m23[0m  [36m  {[0m
  [33m24[0m  [1m   :queue (into cljs.core.PersistentQueue/EMPTY (take 500 (repeatedly #(rand-int 250)))) ;;[40 10 30 100 20 10 90 200 250 10 30 40 70 ][0m
  [0m  [0m  [33m                ^--- Use of undeclared Var cljs.core.PersistentQueue/EMPTY[0m
  [36m25[0m  [36m   :desks [0 0 0 0 0 0][0m
  [36m26[0m  [36m   })[0m
  [36m27[0m  [36m[0m
  [36m28[0m  [36m(def max-person 100)[0m
  [36m29[0m  [36m(def desk-width 40)[0m

[36m----  Compiler Warning : Please see src/quilcljd_sim/core.cljs  ----[0m
[32mSuccessfully compiled "resources/public/js/main.js" in 0.53 seconds.[0m
notifying browser that file changed:  resources/public/js/out/goog/deps.js
notifying browser that file changed:  resources/public/js/out/cljs_deps.js
notifying browser that file changed:  resources/public/js/out/quilcljd_sim/core.js
[0mCompiling "resources/public/js/main.js" from ["src"]...[0m
[36m----  Compiler Warning on   src/quilcljd_sim/core.cljs   line:24  column:17  ----[0m

  [1mNo such namespace: cljs.core.PersistentQueue, could not locate cljs/core/PersistentQueue.cljs, cljs/core/PersistentQueue.cljc, or Closure namespace ""[0m

  [36m20[0m  [36m  (q/text-font (q/create-font "Arial" 28 true))[0m
  [36m21[0m  [36m                                        ; setup function returns initial state. It contains[0m
  [36m22[0m  [36m                                        ; circle color and position.[0m
  [36m23[0m  [36m  {[0m
  [33m24[0m  [1m   :queue (into cljs.core.PersistentQueue/EMPTY (take 500 (repeatedly #(rand-int 250)))) ;;[40 10 30 100 20 10 90 200 250 10 30 40 70 ][0m
  [0m  [0m  [33m                ^--- No such namespace: cljs.core.PersistentQueue, could not locate cljs/core/PersistentQueue.cljs, cljs/core/PersistentQueue.cljc, or Closure namespace ""[0m
  [36m25[0m  [36m   :desks [0 0 0 0 0 0 0 0 0 0 0 0 0 0 0 0 0 0 0 0 0 0 0][0m
  [36m26[0m  [36m   })[0m
  [36m27[0m  [36m[0m
  [36m28[0m  [36m(def max-person 100)[0m
  [36m29[0m  [36m(def desk-width 40)[0m

[36m----  Compiler Warning : Please see src/quilcljd_sim/core.cljs  ----[0m
[36m----  Compiler Warning on   src/quilcljd_sim/core.cljs   line:24  column:17  ----[0m

  [1mUse of undeclared Var cljs.core.PersistentQueue/EMPTY[0m

  [36m20[0m  [36m  (q/text-font (q/create-font "Arial" 28 true))[0m
  [36m21[0m  [36m                                        ; setup function returns initial state. It contains[0m
  [36m22[0m  [36m                                        ; circle color and position.[0m
  [36m23[0m  [36m  {[0m
  [33m24[0m  [1m   :queue (into cljs.core.PersistentQueue/EMPTY (take 500 (repeatedly #(rand-int 250)))) ;;[40 10 30 100 20 10 90 200 250 10 30 40 70 ][0m
  [0m  [0m  [33m                ^--- Use of undeclared Var cljs.core.PersistentQueue/EMPTY[0m
  [36m25[0m  [36m   :desks [0 0 0 0 0 0 0 0 0 0 0 0 0 0 0 0 0 0 0 0 0 0 0][0m
  [36m26[0m  [36m   })[0m
  [36m27[0m  [36m[0m
  [36m28[0m  [36m(def max-person 100)[0m
  [36m29[0m  [36m(def desk-width 40)[0m

[36m----  Compiler Warning : Please see src/quilcljd_sim/core.cljs  ----[0m
[32mSuccessfully compiled "resources/public/js/main.js" in 0.399 seconds.[0m
notifying browser that file changed:  resources/public/js/out/quilcljd_sim/core.js
